<?xml version="1.0" encoding="UTF-8"?>
<!-- Generated by org.testng.reporters.JUnitReportReporter -->
<testsuite hostname="DESKTOP-OFACCIB" failures="0" tests="2" name="tests.TestExamples" time="4.010" errors="0" timestamp="2021-07-05T23:45:21 CDT" skipped="0">
  <testcase classname="tests.TestExamples" name="test_01" time="3.099"/>
  <system-out/>
  <testcase classname="tests.TestExamples" name="test_02" time="0.911"/>
  <system-out/>
</testsuite> <!-- tests.TestExamples -->
