<?xml version="1.0" encoding="UTF-8"?>
<!-- Generated by org.testng.reporters.JUnitReportReporter -->
<testsuite hostname="DESKTOP-OFACCIB" failures="0" tests="1" name="tests.TestOnLocalAPI" time="1.845" errors="0" timestamp="2021-07-22T22:54:40 CDT" skipped="0">
  <testcase classname="tests.TestOnLocalAPI" name="delete" time="1.845"/>
  <system-out/>
</testsuite> <!-- tests.TestOnLocalAPI -->
