<?xml version="1.0" encoding="UTF-8"?>
<!-- Generated by org.testng.reporters.JUnitReportReporter -->
<testsuite hostname="DESKTOP-OFACCIB" failures="0" tests="1" name="tests.PutPatchDeleteExamples" time="2.951" errors="0" timestamp="2021-07-06T00:10:04 CDT" skipped="0">
  <testcase classname="tests.PutPatchDeleteExamples" name="testPatch" time="2.951"/>
  <system-out/>
</testsuite> <!-- tests.PutPatchDeleteExamples -->
