<?xml version="1.0" encoding="UTF-8"?>
<!-- Generated by org.testng.reporters.JUnitReportReporter -->
<testsuite hostname="DESKTOP-OFACCIB" failures="0" tests="1" name="tests.GetAndPostExamples" time="2.934" errors="0" timestamp="2021-07-06T00:06:14 CDT" skipped="0">
  <testcase classname="tests.GetAndPostExamples" name="testPost" time="2.934"/>
  <system-out/>
</testsuite> <!-- tests.GetAndPostExamples -->
